<?xml version="1.0" encoding="UTF-8"?>
<!-- Generated by org.testng.reporters.JUnitReportReporter -->
<testsuite skipped="0" hostname="DESKTOP-TMF0VV4" name="testCases.TestCases" tests="22" failures="0" timestamp="2020-06-17T15:20:56 IST" time="188.019" errors="0">
  <testcase name="Test_Browser_And_URL_Invoked_Correctly" time="43.105" classname="testCases.TestCases"/>
  <system-out/>
  <testcase name="Test_MainPage_Title_Matches_Correctly" time="4.213" classname="testCases.TestCases"/>
  <system-out/>
  <testcase name="Test_City_Is_Selected_Correctly" time="7.557" classname="testCases.TestCases"/>
  <system-out/>
  <testcase name="Test_Popup_Is_Ignored" time="2.897" classname="testCases.TestCases"/>
  <system-out/>
  <testcase name="Test_Signin_Button_Is_clicked" time="4.107" classname="testCases.TestCases"/>
  <system-out/>
  <testcase name="Test_Continue_Via_Google_Button_Is_Clicked" time="2.325" classname="testCases.TestCases"/>
  <system-out/>
  <testcase name="Test_Invalid_UserName" time="16.463" classname="testCases.TestCases"/>
  <system-out/>
  <testcase name="Test_Invalid_Password" time="11.997" classname="testCases.TestCases"/>
  <system-out/>
  <testcase name="Test_Blank_UserName" time="4.812" classname="testCases.TestCases"/>
  <system-out/>
  <testcase name="Test_Blank_Password" time="6.849" classname="testCases.TestCases"/>
  <system-out/>
  <testcase name="Test_Signing_In_Appears_Correctly" time="8.568" classname="testCases.TestCases"/>
  <system-out/>
  <testcase name="Test_Sports_Is_Clicked" time="16.756" classname="testCases.TestCases"/>
  <system-out/>
  <testcase name="Test_Sports_Available_Are_Displayed" time="3.230" classname="testCases.TestCases"/>
  <system-out/>
  <testcase name="Test_Weekend_Is_clicked" time="3.396" classname="testCases.TestCases"/>
  <system-out/>
  <testcase name="Test_Sports_Availabe_Are_Displayed_After_Selecting_Weekend" time="3.291" classname="testCases.TestCases"/>
  <system-out/>
  <testcase name="Test_PriceRange_Is_clicked" time="3.227" classname="testCases.TestCases"/>
  <system-out/>
  <testcase name="Test_Minimum_Is_clicked" time="3.505" classname="testCases.TestCases"/>
  <system-out/>
  <testcase name="Test_Sports_Availabe_Are_Displayed_After_Selecting_MinimumRange" time="6.498" classname="testCases.TestCases"/>
  <system-out/>
  <testcase name="Test_Window_Navigates_To_Movie_Page" time="32.942" classname="testCases.TestCases"/>
  <system-out/>
  <testcase name="Test_Movies_Are_Displayed" time="0.995" classname="testCases.TestCases"/>
  <system-out/>
  <testcase name="Test_Languages_Are_Extracted_And_Stored_In_List" time="1.243" classname="testCases.TestCases"/>
  <system-out/>
  <testcase name="Test_Languages_Are_Displayed" time="0.043" classname="testCases.TestCases"/>
  <system-out/>
</testsuite> <!-- testCases.TestCases -->
